<?xml version="1.0" encoding="UTF-8"?>
<!-- Generated by org.testng.reporters.JUnitReportReporter -->
<testsuite hostname="JOBITO" failures="0" tests="2" name="tests.RegistrationTest" time="1.081" errors="0" timestamp="29 Jul 2023 05:48:01 GMT">
  <testcase classname="tests.RegistrationTest" name="homePageNavigation" time="1.058"/>
  <testcase classname="tests.RegistrationTest" name="pageNavigatino" time="0.023"/>
</testsuite> <!-- tests.RegistrationTest -->
