<?xml version="1.0" encoding="UTF-8"?>
<!-- Generated by org.testng.reporters.JUnitReportReporter -->
<testsuite hostname="JOBITO" failures="0" tests="1" name="addToCart.TestNgDemo" time="0.016" errors="0" timestamp="23 Jul 2023 04:56:12 GMT">
  <testcase classname="addToCart.TestNgDemo" name="TestCase" time="0.016"/>
</testsuite> <!-- addToCart.TestNgDemo -->
