<?xml version="1.0" encoding="UTF-8"?>
<!-- Generated by org.testng.reporters.JUnitReportReporter -->
<testsuite hostname="JOBITO" failures="0" tests="1" name="addToCart.TestNgDemoo" time="0.015" errors="0" timestamp="23 Jul 2023 02:38:56 GMT">
  <testcase classname="addToCart.TestNgDemoo" name="testCase5" time="0.015"/>
</testsuite> <!-- addToCart.TestNgDemoo -->
